<?xml version="1.0" encoding="UTF-8"?>
<!-- Generated by org.testng.reporters.JUnitReportReporter -->
<testsuite hostname="Shankar-pc" name="com.mrosupply.automation.AddItemToShoppingCartTest" tests="1" failures="0" timestamp="5 Aug 2015 09:21:12 GMT" time="18.458" errors="0">
  <testcase name="testAddItemToShoppingCartTest" time="18.458" classname="com.mrosupply.automation.AddItemToShoppingCartTest"/>
</testsuite> <!-- com.mrosupply.automation.AddItemToShoppingCartTest -->
