<?xml version="1.0" encoding="UTF-8"?>
<!-- Generated by org.testng.reporters.JUnitReportReporter -->
<testsuite hostname="Shankar-pc" name="com.mrosupply.automation.ItemsInCartFromProductDetailsPageTest" tests="1" failures="0" timestamp="5 Aug 2015 09:21:12 GMT" time="30.523" errors="0">
  <testcase name="testItemsInCartFromProductDetailsPage" time="30.523" classname="com.mrosupply.automation.ItemsInCartFromProductDetailsPageTest"/>
</testsuite> <!-- com.mrosupply.automation.ItemsInCartFromProductDetailsPageTest -->
