<?xml version="1.0" encoding="UTF-8"?>
<!-- Generated by org.testng.reporters.JUnitReportReporter -->
<testsuite hostname="Shankar-pc" name="com.mrosupply.automation.IncrementsOfQuantityOnly_1_Test" tests="1" failures="0" timestamp="5 Aug 2015 09:21:12 GMT" time="23.322" errors="0">
  <testcase name="testIncrementsOfQuantityOnly_1" time="23.322" classname="com.mrosupply.automation.IncrementsOfQuantityOnly_1_Test"/>
</testsuite> <!-- com.mrosupply.automation.IncrementsOfQuantityOnly_1_Test -->
