<?xml version="1.0" encoding="UTF-8"?>
<!-- Generated by org.testng.reporters.JUnitReportReporter -->
<testsuite hostname="Shankar-pc" name="com.mrosupply.automation.UnableToAddObsoleteItemInTheCartTest" tests="1" failures="0" timestamp="5 Aug 2015 09:21:12 GMT" time="16.952" errors="0">
  <testcase name="testUnableToAddObsoleteItemInTheCart" time="16.952" classname="com.mrosupply.automation.UnableToAddObsoleteItemInTheCartTest"/>
</testsuite> <!-- com.mrosupply.automation.UnableToAddObsoleteItemInTheCartTest -->
