<?xml version="1.0" encoding="UTF-8"?>
<!-- Generated by org.testng.reporters.JUnitReportReporter -->
<testsuite hostname="Shankar-pc" name="com.mrosupply.automation.DeleteItemFromShoppingCartTest" tests="1" failures="0" timestamp="5 Aug 2015 09:21:12 GMT" time="32.745" errors="0">
  <testcase name="testDeleteItemFromShoppingCartTest" time="32.745" classname="com.mrosupply.automation.DeleteItemFromShoppingCartTest"/>
</testsuite> <!-- com.mrosupply.automation.DeleteItemFromShoppingCartTest -->
