<?xml version="1.0" encoding="UTF-8"?>
<!-- Generated by org.testng.reporters.JUnitReportReporter -->
<testsuite hostname="Shankar-pc" name="com.mrosupply.automation.NoDuplicateItemInShoppingCartTest" tests="1" failures="0" timestamp="5 Aug 2015 09:21:12 GMT" time="29.979" errors="0">
  <testcase name="testNoDuplicateItemInShoppingCart" time="29.979" classname="com.mrosupply.automation.NoDuplicateItemInShoppingCartTest"/>
</testsuite> <!-- com.mrosupply.automation.NoDuplicateItemInShoppingCartTest -->
