<?xml version="1.0" encoding="UTF-8"?>
<!-- Generated by org.testng.reporters.JUnitReportReporter -->
<testsuite hostname="Shankar-pc" name="com.mrosupply.automation.RegistrationProcessTest" tests="1" failures="0" timestamp="5 Aug 2015 09:21:12 GMT" time="29.065" errors="0">
  <testcase name="testRegistrationProcess" time="29.065" classname="com.mrosupply.automation.RegistrationProcessTest"/>
</testsuite> <!-- com.mrosupply.automation.RegistrationProcessTest -->
