<?xml version="1.0" encoding="UTF-8"?>
<!-- Generated by org.testng.reporters.JUnitReportReporter -->
<testsuite hostname="Shankar-pc" name="com.mrosupply.automation.ForgotPasswordTest" tests="1" failures="0" timestamp="5 Aug 2015 09:21:12 GMT" time="22.574" errors="0">
  <testcase name="testForgotPassword" time="22.574" classname="com.mrosupply.automation.ForgotPasswordTest"/>
</testsuite> <!-- com.mrosupply.automation.ForgotPasswordTest -->
