<?xml version="1.0" encoding="UTF-8"?>
<!-- Generated by org.testng.reporters.JUnitReportReporter -->
<testsuite hostname="Shankar-pc" name="com.mrosupply.automation.UnableToAddObsoleteItemInTheCartTest" tests="1" failures="0" timestamp="4 Aug 2015 06:04:30 GMT" time="5.900" errors="0">
  <testcase name="testUnableToAddObsoleteItemInTheCart" time="5.900" classname="com.mrosupply.automation.UnableToAddObsoleteItemInTheCartTest"/>
</testsuite> <!-- com.mrosupply.automation.UnableToAddObsoleteItemInTheCartTest -->
